<?xml version="1.0" encoding="UTF-8"?>
<testng-results skipped="0" failed="0" ignored="0" total="1" passed="1">
  <reporter-output>
    <line>
      <![CDATA[addingProduct method started]]>
    </line>
    <line>
      <![CDATA[Page Title is displayed]]>
    </line>
    <line>
      <![CDATA[Search Page Title  is displayed]]>
    </line>
    <line>
      <![CDATA[Product page title  is displayed]]>
    </line>
    <line>
      <![CDATA[Cart page title is displayed]]>
    </line>
    <line>
      <![CDATA[addingProduct method passed]]>
    </line>
  </reporter-output>
  <suite name="Default suite" duration-ms="47785" started-at="2020-09-03T03:57:03 IST" finished-at="2020-09-03T03:57:51 IST">
    <groups>
    </groups>
    <test name="Default test" duration-ms="47785" started-at="2020-09-03T03:57:03 IST" finished-at="2020-09-03T03:57:51 IST">
      <class name="com.amazon.addToCart.SelectingLowestPriceBook">
        <test-method status="PASS" signature="openBrowser()[pri:0, instance:com.amazon.addToCart.SelectingLowestPriceBook@76707e36]" name="openBrowser" is-config="true" duration-ms="15486" started-at="2020-09-03T03:57:03 IST" finished-at="2020-09-03T03:57:19 IST">
          <reporter-output>
          </reporter-output>
        </test-method> <!-- openBrowser -->
        <test-method status="PASS" signature="addingProduct()[pri:0, instance:com.amazon.addToCart.SelectingLowestPriceBook@76707e36]" name="addingProduct" duration-ms="31297" started-at="2020-09-03T03:57:19 IST" finished-at="2020-09-03T03:57:50 IST">
          <reporter-output>
            <line>
              <![CDATA[addingProduct method started]]>
            </line>
            <line>
              <![CDATA[Page Title is displayed]]>
            </line>
            <line>
              <![CDATA[Search Page Title  is displayed]]>
            </line>
            <line>
              <![CDATA[Product page title  is displayed]]>
            </line>
            <line>
              <![CDATA[Cart page title is displayed]]>
            </line>
            <line>
              <![CDATA[addingProduct method passed]]>
            </line>
          </reporter-output>
        </test-method> <!-- addingProduct -->
        <test-method status="PASS" signature="closeBrowser()[pri:0, instance:com.amazon.addToCart.SelectingLowestPriceBook@76707e36]" name="closeBrowser" is-config="true" duration-ms="950" started-at="2020-09-03T03:57:50 IST" finished-at="2020-09-03T03:57:51 IST">
          <reporter-output>
          </reporter-output>
        </test-method> <!-- closeBrowser -->
      </class> <!-- com.amazon.addToCart.SelectingLowestPriceBook -->
    </test> <!-- Default test -->
  </suite> <!-- Default suite -->
</testng-results>
